#-----------------------------------------------------------
# hsi v2016.3_sdx (64-bit)
# SW Build 1721784 on Tue Nov 29 22:12:44 MST 2016
# 
# Start of session at: Sun May 28 13:35:54 2017
# Process ID: 17944
# Current directory: C:/Users/aptay/sdsoc_workspace/ad9467_2/Debug/_sds/swstubs/standalone_bsp
# Command line: hsi.exe -mode batch -notrace -quiet -source C:/Users/aptay/sdsoc_workspace/ad9467_2/Debug/_sds/swstubs/standalone_bsp/create_bsp_post.tcl
# Log file: C:/Users/aptay/sdsoc_workspace/ad9467_2/Debug/_sds/swstubs/standalone_bsp/hsi.log
# Journal file: C:/Users/aptay/sdsoc_workspace/ad9467_2/Debug/_sds/swstubs/standalone_bsp\hsi.jou
#-----------------------------------------------------------
INFO: [Hsi 55-1698] elapsed time for repository loading 0 seconds
"Running Make include in ps7_cortexa9_0/libsrc/axidma_v9_3/src"
"Running Make include in ps7_cortexa9_0/libsrc/axivdma_v6_2/src"
"Running Make include in ps7_cortexa9_0/libsrc/coresightps_dcc_v1_3/src"
"Running Make include in ps7_cortexa9_0/libsrc/cpu_cortexa9_v2_3/src"
"Running Make include in ps7_cortexa9_0/libsrc/ddrps_v1_0/src"
"Running Make include in ps7_cortexa9_0/libsrc/devcfg_v3_4/src"
"Running Make include in ps7_cortexa9_0/libsrc/dmaps_v2_2/src"
"Running Make include in ps7_cortexa9_0/libsrc/emacps_v3_3/src"
"Running Make include in ps7_cortexa9_0/libsrc/gpiops_v3_1/src"
"Running Make include in ps7_cortexa9_0/libsrc/iic_v3_3/src"
"Running Make include in ps7_cortexa9_0/libsrc/qspips_v3_3/src"
"Running Make include in ps7_cortexa9_0/libsrc/scugic_v3_4/src"
"Running Make include in ps7_cortexa9_0/libsrc/scutimer_v2_1/src"
"Running Make include in ps7_cortexa9_0/libsrc/scuwdt_v2_1/src"
"Running Make include in ps7_cortexa9_0/libsrc/sdps_v3_0/src"
"Running Make include in ps7_cortexa9_0/libsrc/spips_v3_0/src"
"Running Make include in ps7_cortexa9_0/libsrc/standalone_v6_0/src"
"Running Make include in ps7_cortexa9_0/libsrc/uartps_v3_2/src"
"Running Make include in ps7_cortexa9_0/libsrc/usbps_v2_4/src"
"Running Make include in ps7_cortexa9_0/libsrc/xadcps_v2_2/src"
"Running Make include in ps7_cortexa9_0/libsrc/xilffs_v3_3/src"
"Running Make libs in ps7_cortexa9_0/libsrc/axidma_v9_3/src"
"Compiling axidma"
arm-none-eabi-ar: creating ../../../lib/libxil.a
"Running Make libs in ps7_cortexa9_0/libsrc/axivdma_v6_2/src"
"Compiling axivdma"
"Running Make libs in ps7_cortexa9_0/libsrc/coresightps_dcc_v1_3/src"
"Compiling coresightps_dcc"
"Running Make libs in ps7_cortexa9_0/libsrc/cpu_cortexa9_v2_3/src"
"Compiling cpu_cortexa9"
"Running Make libs in ps7_cortexa9_0/libsrc/ddrps_v1_0/src"
"Compiling ddrps"
"Running Make libs in ps7_cortexa9_0/libsrc/devcfg_v3_4/src"
"Compiling devcfg"
"Running Make libs in ps7_cortexa9_0/libsrc/dmaps_v2_2/src"
"Compiling dmaps"
"Running Make libs in ps7_cortexa9_0/libsrc/emacps_v3_3/src"
"Compiling emacps"
"Running Make libs in ps7_cortexa9_0/libsrc/gpiops_v3_1/src"
"Compiling gpiops"
"Running Make libs in ps7_cortexa9_0/libsrc/iic_v3_3/src"
"Compiling iic"
"Running Make libs in ps7_cortexa9_0/libsrc/qspips_v3_3/src"
"Compiling qspips"
"Running Make libs in ps7_cortexa9_0/libsrc/scugic_v3_4/src"
"Compiling scugic"
"Running Make libs in ps7_cortexa9_0/libsrc/scutimer_v2_1/src"
"Compiling scutimer"
"Running Make libs in ps7_cortexa9_0/libsrc/scuwdt_v2_1/src"
"Compiling scuwdt"
"Running Make libs in ps7_cortexa9_0/libsrc/sdps_v3_0/src"
"Compiling sdps"
"Running Make libs in ps7_cortexa9_0/libsrc/spips_v3_0/src"
"Compiling spips"
"Running Make libs in ps7_cortexa9_0/libsrc/standalone_v6_0/src"
"Compiling standalone"
"Running Make libs in ps7_cortexa9_0/libsrc/uartps_v3_2/src"
"Compiling uartps"
"Running Make libs in ps7_cortexa9_0/libsrc/usbps_v2_4/src"
"Compiling usbps"
"Running Make libs in ps7_cortexa9_0/libsrc/xadcps_v2_2/src"
"Compiling xadcps"
"Running Make libs in ps7_cortexa9_0/libsrc/xilffs_v3_3/src"
"Compiling XilFFs Library"
diskio.c: In function 'disk_status':
diskio.c:201:2: warning: implicit declaration of function 'usleep' [-Wimplicit-function-declaration]
  usleep(SD_CD_DELAY);
  ^
'Finished building libraries'
generate_bsp: Time (s): cpu = 00:00:00 ; elapsed = 00:00:25 . Memory (MB): peak = 152.531 ; gain = 0.000
