Copyright 1986-2017 Xilinx, Inc. All Rights Reserved.
----------------------------------------------------------------------------------------
| Tool Version : Vivado v.2017.1_sdx (win64) Build 1915620 Thu Jun 22 17:54:58 MDT 2017
| Date         : Fri Aug 11 18:27:27 2017
| Host         : DESKTOP-HQKVQ13 running 64-bit major release  (build 9200)
| Command      : upgrade_ip
| Device       : xc7z020clg400-1
----------------------------------------------------------------------------------------

Upgrade Log for IP 'design_1_proc_sys_reset_0_3'

1. Summary
----------

SUCCESS in the upgrade of design_1_proc_sys_reset_0_3 (xilinx.com:ip:proc_sys_reset:5.0) from (Rev. 11) to (Rev. 10)






Copyright 1986-2017 Xilinx, Inc. All Rights Reserved.
----------------------------------------------------------------------------------------
| Tool Version : Vivado v.2017.1_sdx (win64) Build 1915620 Thu Jun 22 17:54:58 MDT 2017
| Date         : Fri Aug 11 18:27:27 2017
| Host         : DESKTOP-HQKVQ13 running 64-bit major release  (build 9200)
| Command      : upgrade_ip
| Device       : xc7z020clg400-1
----------------------------------------------------------------------------------------

Upgrade Log for IP 'design_1_proc_sys_reset_0_2'

1. Summary
----------

SUCCESS in the upgrade of design_1_proc_sys_reset_0_2 (xilinx.com:ip:proc_sys_reset:5.0) from (Rev. 11) to (Rev. 10)






Copyright 1986-2017 Xilinx, Inc. All Rights Reserved.
----------------------------------------------------------------------------------------
| Tool Version : Vivado v.2017.1_sdx (win64) Build 1915620 Thu Jun 22 17:54:58 MDT 2017
| Date         : Fri Aug 11 18:27:27 2017
| Host         : DESKTOP-HQKVQ13 running 64-bit major release  (build 9200)
| Command      : upgrade_ip
| Device       : xc7z020clg400-1
----------------------------------------------------------------------------------------

Upgrade Log for IP 'design_1_proc_sys_reset_0_1'

1. Summary
----------

SUCCESS in the upgrade of design_1_proc_sys_reset_0_1 (xilinx.com:ip:proc_sys_reset:5.0) from (Rev. 11) to (Rev. 10)






Copyright 1986-2017 Xilinx, Inc. All Rights Reserved.
----------------------------------------------------------------------------------------
| Tool Version : Vivado v.2017.1_sdx (win64) Build 1915620 Thu Jun 22 17:54:58 MDT 2017
| Date         : Fri Aug 11 18:27:27 2017
| Host         : DESKTOP-HQKVQ13 running 64-bit major release  (build 9200)
| Command      : upgrade_ip
| Device       : xc7z020clg400-1
----------------------------------------------------------------------------------------

Upgrade Log for IP 'design_1_proc_sys_reset_0_0'

1. Summary
----------

SUCCESS in the upgrade of design_1_proc_sys_reset_0_0 (xilinx.com:ip:proc_sys_reset:5.0) from (Rev. 11) to (Rev. 10)

