Copyright 1986-2016 Xilinx, Inc. All Rights Reserved.
----------------------------------------------------------------------------------------------------------------------------------------------------
| Tool Version     : Vivado v.2016.3_sdx (win64) Build 1721784 Tue Nov 29 22:12:44 MST 2016
| Date             : Sat May 27 16:33:14 2017
| Host             : DESKTOP-HQKVQ13 running 64-bit major release  (build 9200)
| Command          : report_power -file system_top_power_routed.rpt -pb system_top_power_summary_routed.pb -rpx system_top_power_routed.rpx
| Design           : system_top
| Device           : xc7z020clg484-1
| Design State     : routed
| Grade            : commercial
| Process          : typical
| Characterization : Production
----------------------------------------------------------------------------------------------------------------------------------------------------

Power Report

Table of Contents
-----------------
1. Summary
1.1 On-Chip Components
1.2 Power Supply Summary
1.3 Confidence Level
2. Settings
2.1 Environment
2.2 Clock Constraints
3. Detailed Reports
3.1 By Hierarchy

1. Summary
----------

+--------------------------+-------+
| Total On-Chip Power (W)  | 2.189 |
| Dynamic (W)              | 2.016 |
| Device Static (W)        | 0.173 |
| Effective TJA (C/W)      | 11.5  |
| Max Ambient (C)          | 59.8  |
| Junction Temperature (C) | 50.2  |
| Confidence Level         | Low   |
| Setting File             | ---   |
| Simulation Activity File | ---   |
| Design Nets Matched      | NA    |
+--------------------------+-------+


1.1 On-Chip Components
----------------------

+--------------------------+-----------+----------+-----------+-----------------+
| On-Chip                  | Power (W) | Used     | Available | Utilization (%) |
+--------------------------+-----------+----------+-----------+-----------------+
| Clocks                   |     0.043 |       10 |       --- |             --- |
| Slice Logic              |     0.013 |    13832 |       --- |             --- |
|   LUT as Logic           |     0.010 |     4774 |     53200 |            8.97 |
|   Register               |     0.001 |     6869 |    106400 |            6.46 |
|   CARRY4                 |    <0.001 |      273 |     13300 |            2.05 |
|   LUT as Distributed RAM |    <0.001 |       66 |     17400 |            0.38 |
|   LUT as Shift Register  |    <0.001 |      166 |     17400 |            0.95 |
|   F7/F8 Muxes            |    <0.001 |       16 |     53200 |            0.03 |
|   Others                 |     0.000 |      545 |       --- |             --- |
| Signals                  |     0.020 |    10773 |       --- |             --- |
| Block RAM                |     0.015 |        3 |       140 |            2.14 |
| MMCM                     |     0.220 |        2 |         4 |           50.00 |
| DSPs                     |     0.007 |        9 |       220 |            4.09 |
| I/O                      |     0.161 |       89 |       200 |           44.50 |
| PS7                      |     1.537 |        1 |       --- |             --- |
| Static Power             |     0.173 |          |           |                 |
| Total                    |     2.189 |          |           |                 |
+--------------------------+-----------+----------+-----------+-----------------+


1.2 Power Supply Summary
------------------------

+-----------+-------------+-----------+-------------+------------+
| Source    | Voltage (V) | Total (A) | Dynamic (A) | Static (A) |
+-----------+-------------+-----------+-------------+------------+
| Vccint    |       1.000 |     0.122 |       0.103 |      0.019 |
| Vccaux    |       1.800 |     0.167 |       0.145 |      0.022 |
| Vcco33    |       3.300 |     0.019 |       0.018 |      0.001 |
| Vcco25    |       2.500 |     0.022 |       0.021 |      0.001 |
| Vcco18    |       1.800 |     0.001 |       0.000 |      0.001 |
| Vcco15    |       1.500 |     0.001 |       0.000 |      0.001 |
| Vcco135   |       1.350 |     0.000 |       0.000 |      0.000 |
| Vcco12    |       1.200 |     0.000 |       0.000 |      0.000 |
| Vccaux_io |       1.800 |     0.000 |       0.000 |      0.000 |
| Vccbram   |       1.000 |     0.002 |       0.001 |      0.001 |
| MGTAVcc   |       1.000 |     0.000 |       0.000 |      0.000 |
| MGTAVtt   |       1.200 |     0.000 |       0.000 |      0.000 |
| MGTVccaux |       1.800 |     0.000 |       0.000 |      0.000 |
| Vccpint   |       1.000 |     0.763 |       0.726 |      0.037 |
| Vccpaux   |       1.800 |     0.061 |       0.051 |      0.010 |
| Vccpll    |       1.800 |     0.017 |       0.014 |      0.003 |
| Vcco_ddr  |       1.500 |     0.459 |       0.457 |      0.002 |
| Vcco_mio0 |       3.300 |     0.003 |       0.002 |      0.001 |
| Vcco_mio1 |       1.800 |     0.003 |       0.002 |      0.001 |
| Vccadc    |       1.800 |     0.020 |       0.000 |      0.020 |
+-----------+-------------+-----------+-------------+------------+


1.3 Confidence Level
--------------------

+-----------------------------+------------+--------------------------------------------------------+------------------------------------------------------------------------------------------------------------+
| User Input Data             | Confidence | Details                                                | Action                                                                                                     |
+-----------------------------+------------+--------------------------------------------------------+------------------------------------------------------------------------------------------------------------+
| Design implementation state | High       | Design is routed                                       |                                                                                                            |
| Clock nodes activity        | High       | User specified more than 95% of clocks                 |                                                                                                            |
| I/O nodes activity          | Low        | More than 75% of inputs are missing user specification | Provide missing input activity with simulation results or by editing the "By Resource Type -> I/Os" view   |
| Internal nodes activity     | Medium     | User specified less than 25% of internal nodes         | Provide missing internal nodes activity with simulation results or by editing the "By Resource Type" views |
| Device models               | High       | Device models are Production                           |                                                                                                            |
|                             |            |                                                        |                                                                                                            |
| Overall confidence level    | Low        |                                                        |                                                                                                            |
+-----------------------------+------------+--------------------------------------------------------+------------------------------------------------------------------------------------------------------------+


2. Settings
-----------

2.1 Environment
---------------

+-----------------------+------------------------+
| Ambient Temp (C)      | 25.0                   |
| ThetaJA (C/W)         | 11.5                   |
| Airflow (LFM)         | 250                    |
| Heat Sink             | none                   |
| ThetaSA (C/W)         | 0.0                    |
| Board Selection       | medium (10"x10")       |
| # of Board Layers     | 8to11 (8 to 11 Layers) |
| Board Temperature (C) | 25.0                   |
+-----------------------+------------------------+


2.2 Clock Constraints
---------------------

+------------------------------------+------------------------------------------------------------------------------------+-----------------+
| Clock                              | Domain                                                                             | Constraint (ns) |
+------------------------------------+------------------------------------------------------------------------------------+-----------------+
| adc_clk                            | adc_clk_in_p                                                                       |             4.0 |
| clk_fpga_0                         | i_system_wrapper/system_i/sys_ps7/inst/FCLK_CLK_unbuffered[0]                      |            10.0 |
| clk_fpga_1                         | i_system_wrapper/system_i/sys_ps7/inst/FCLK_CLK1                                   |             5.0 |
| clk_fpga_1                         | i_system_wrapper/system_i/sys_ps7/inst/FCLK_CLK_unbuffered[1]                      |             5.0 |
| clk_out1_system_sys_audio_clkgen_0 | i_system_wrapper/system_i/sys_audio_clkgen/inst/clk_out1_system_sys_audio_clkgen_0 |            81.4 |
| clkfbout_system_sys_audio_clkgen_0 | i_system_wrapper/system_i/sys_audio_clkgen/inst/clkfbout_system_sys_audio_clkgen_0 |            45.0 |
| mmcm_clk_0_s                       | i_system_wrapper/system_i/axi_hdmi_clkgen/inst/i_mmcm_drp/mmcm_clk_0_s             |             6.7 |
| mmcm_fb_clk_s                      | i_system_wrapper/system_i/axi_hdmi_clkgen/inst/i_mmcm_drp/mmcm_fb_clk_s            |            55.0 |
+------------------------------------+------------------------------------------------------------------------------------+-----------------+


3. Detailed Reports
-------------------

3.1 By Hierarchy
----------------

+------------------------------------------------------------------------------------------+-----------+
| Name                                                                                     | Power (W) |
+------------------------------------------------------------------------------------------+-----------+
| system_top                                                                               |     2.016 |
|   gpio_bd_IOBUF[0]_inst                                                                  |     0.001 |
|   gpio_bd_IOBUF[10]_inst                                                                 |     0.002 |
|   gpio_bd_IOBUF[11]_inst                                                                 |     0.001 |
|   gpio_bd_IOBUF[12]_inst                                                                 |     0.001 |
|   gpio_bd_IOBUF[13]_inst                                                                 |     0.001 |
|   gpio_bd_IOBUF[14]_inst                                                                 |     0.001 |
|   gpio_bd_IOBUF[15]_inst                                                                 |     0.001 |
|   gpio_bd_IOBUF[16]_inst                                                                 |     0.001 |
|   gpio_bd_IOBUF[17]_inst                                                                 |     0.001 |
|   gpio_bd_IOBUF[18]_inst                                                                 |     0.001 |
|   gpio_bd_IOBUF[19]_inst                                                                 |     0.002 |
|   gpio_bd_IOBUF[1]_inst                                                                  |     0.001 |
|   gpio_bd_IOBUF[20]_inst                                                                 |     0.002 |
|   gpio_bd_IOBUF[21]_inst                                                                 |     0.002 |
|   gpio_bd_IOBUF[22]_inst                                                                 |     0.002 |
|   gpio_bd_IOBUF[23]_inst                                                                 |     0.002 |
|   gpio_bd_IOBUF[24]_inst                                                                 |     0.002 |
|   gpio_bd_IOBUF[25]_inst                                                                 |     0.002 |
|   gpio_bd_IOBUF[26]_inst                                                                 |     0.002 |
|   gpio_bd_IOBUF[27]_inst                                                                 |     0.001 |
|   gpio_bd_IOBUF[28]_inst                                                                 |     0.001 |
|   gpio_bd_IOBUF[29]_inst                                                                 |     0.001 |
|   gpio_bd_IOBUF[2]_inst                                                                  |     0.001 |
|   gpio_bd_IOBUF[30]_inst                                                                 |     0.001 |
|   gpio_bd_IOBUF[31]_inst                                                                 |     0.001 |
|   gpio_bd_IOBUF[3]_inst                                                                  |     0.001 |
|   gpio_bd_IOBUF[4]_inst                                                                  |     0.001 |
|   gpio_bd_IOBUF[5]_inst                                                                  |     0.002 |
|   gpio_bd_IOBUF[6]_inst                                                                  |     0.002 |
|   gpio_bd_IOBUF[7]_inst                                                                  |     0.002 |
|   gpio_bd_IOBUF[8]_inst                                                                  |     0.002 |
|   gpio_bd_IOBUF[9]_inst                                                                  |     0.002 |
|   i_spi                                                                                  |     0.001 |
|     i_iobuf_sdio                                                                         |     0.001 |
|   i_system_wrapper                                                                       |     1.925 |
|     iic_fmc_scl_iobuf                                                                    |     0.000 |
|     iic_fmc_sda_iobuf                                                                    |     0.000 |
|     system_i                                                                             |     1.925 |
|       axi_ad9467                                                                         |     0.086 |
|         inst                                                                             |     0.086 |
|           i_channel                                                                      |     0.005 |
|             i_axi_ad9467_pnmon                                                           |     0.003 |
|               i_pnmon                                                                    |     0.001 |
|             i_datafmt                                                                    |    <0.001 |
|             i_up_adc_channel                                                             |     0.002 |
|               i_xfer_cntrl                                                               |    <0.001 |
|               i_xfer_status                                                              |    <0.001 |
|           i_delay_cntrl                                                                  |     0.001 |
|             i_delay_rst_reg                                                              |    <0.001 |
|           i_if                                                                           |     0.073 |
|             g_adc_if[0].i_adc_data                                                       |     0.007 |
|             g_adc_if[1].i_adc_data                                                       |     0.007 |
|             g_adc_if[2].i_adc_data                                                       |     0.007 |
|             g_adc_if[3].i_adc_data                                                       |     0.007 |
|             g_adc_if[4].i_adc_data                                                       |     0.007 |
|             g_adc_if[5].i_adc_data                                                       |     0.007 |
|             g_adc_if[6].i_adc_data                                                       |     0.007 |
|             g_adc_if[7].i_adc_data                                                       |     0.007 |
|             i_adc_clk                                                                    |     0.006 |
|             i_adc_or                                                                     |     0.008 |
|           i_up_adc_common                                                                |     0.004 |
|             i_clock_mon                                                                  |     0.002 |
|             i_core_rst_reg                                                               |    <0.001 |
|             i_xfer_cntrl                                                                 |    <0.001 |
|             i_xfer_status                                                                |    <0.001 |
|           i_up_axi                                                                       |     0.002 |
|       axi_ad9467_dma                                                                     |     0.017 |
|         inst                                                                             |     0.017 |
|           i_request_arb                                                                  |     0.015 |
|             i_dest_dma_mm                                                                |    <0.001 |
|               i_addr_gen                                                                 |    <0.001 |
|               i_data_mover                                                               |    <0.001 |
|               i_req_splitter                                                             |    <0.001 |
|               i_response_handler                                                         |    <0.001 |
|             i_dest_req_fifo                                                              |    <0.001 |
|             i_dest_response_fifo                                                         |    <0.001 |
|             i_fifo                                                                       |     0.012 |
|               i_address_gray                                                             |     0.001 |
|                 i_raddr_sync                                                             |    <0.001 |
|                 i_waddr_sync                                                             |    <0.001 |
|             i_req_gen                                                                    |    <0.001 |
|             i_req_splitter                                                               |    <0.001 |
|             i_src_dma_fifo                                                               |    <0.001 |
|               i_data_mover                                                               |    <0.001 |
|             i_src_repack                                                                 |     0.002 |
|             i_src_req_fifo                                                               |    <0.001 |
|               i_raddr_sync                                                               |    <0.001 |
|               i_waddr_sync                                                               |    <0.001 |
|             i_sync_control_src                                                           |    <0.001 |
|             i_sync_dest_request_id                                                       |    <0.001 |
|             i_sync_src_request_id                                                        |    <0.001 |
|             i_sync_status_src                                                            |    <0.001 |
|           i_up_axi                                                                       |     0.001 |
|       axi_cpu_interconnect                                                               |     0.005 |
|         s00_couplers                                                                     |     0.004 |
|           auto_pc                                                                        |     0.004 |
|             inst                                                                         |     0.004 |
|               gen_axilite.gen_b2s_conv.axilite_b2s                                       |     0.004 |
|                 RD.ar_channel_0                                                          |    <0.001 |
|                   ar_cmd_fsm_0                                                           |    <0.001 |
|                   cmd_translator_0                                                       |    <0.001 |
|                     incr_cmd_0                                                           |    <0.001 |
|                     wrap_cmd_0                                                           |    <0.001 |
|                 RD.r_channel_0                                                           |    <0.001 |
|                   rd_data_fifo_0                                                         |    <0.001 |
|                   transaction_fifo_0                                                     |    <0.001 |
|                 SI_REG                                                                   |     0.002 |
|                   ar_pipe                                                                |    <0.001 |
|                   aw_pipe                                                                |    <0.001 |
|                   b_pipe                                                                 |    <0.001 |
|                   r_pipe                                                                 |    <0.001 |
|                 WR.aw_channel_0                                                          |    <0.001 |
|                   aw_cmd_fsm_0                                                           |    <0.001 |
|                   cmd_translator_0                                                       |    <0.001 |
|                     incr_cmd_0                                                           |    <0.001 |
|                     wrap_cmd_0                                                           |    <0.001 |
|                 WR.b_channel_0                                                           |    <0.001 |
|                   bid_fifo_0                                                             |    <0.001 |
|                   bresp_fifo_0                                                           |    <0.001 |
|         xbar                                                                             |     0.001 |
|           inst                                                                           |     0.001 |
|             gen_sasd.crossbar_sasd_0                                                     |     0.001 |
|               addr_arbiter_inst                                                          |    <0.001 |
|               gen_decerr.decerr_slave_inst                                               |    <0.001 |
|               reg_slice_r                                                                |    <0.001 |
|               splitter_ar                                                                |    <0.001 |
|               splitter_aw                                                                |    <0.001 |
|       axi_hdmi_clkgen                                                                    |     0.102 |
|         inst                                                                             |     0.102 |
|           i_mmcm_drp                                                                     |     0.100 |
|           i_up_axi                                                                       |    <0.001 |
|           i_up_clkgen                                                                    |    <0.001 |
|             i_mmcm_rst_reg                                                               |    <0.001 |
|       axi_hdmi_core                                                                      |     0.039 |
|         inst                                                                             |     0.039 |
|           i_tx_core                                                                      |     0.029 |
|             i_csc_RGB2CrYCb                                                              |     0.017 |
|               i_csc_1_Cb                                                                 |     0.006 |
|                 i_add_c4                                                                 |     0.003 |
|                 i_mul_c1                                                                 |     0.001 |
|                   i_mult_macro                                                           |     0.001 |
|                 i_mul_c2                                                                 |     0.001 |
|                   i_mult_macro                                                           |     0.001 |
|                 i_mul_c3                                                                 |     0.001 |
|                   i_mult_macro                                                           |     0.001 |
|               i_csc_1_Cr                                                                 |     0.006 |
|                 i_add_c4                                                                 |     0.003 |
|                 i_mul_c1                                                                 |     0.001 |
|                   i_mult_macro                                                           |     0.001 |
|                 i_mul_c2                                                                 |     0.001 |
|                   i_mult_macro                                                           |     0.001 |
|                 i_mul_c3                                                                 |    <0.001 |
|                   i_mult_macro                                                           |    <0.001 |
|               i_csc_1_Y                                                                  |     0.004 |
|                 i_add_c4                                                                 |     0.003 |
|                 i_mul_c1                                                                 |    <0.001 |
|                   i_mult_macro                                                           |    <0.001 |
|                 i_mul_c2                                                                 |    <0.001 |
|                   i_mult_macro                                                           |    <0.001 |
|                 i_mul_c3                                                                 |    <0.001 |
|                   i_mult_macro                                                           |    <0.001 |
|             i_mem                                                                        |     0.005 |
|             i_ss_444to422                                                                |     0.001 |
|           i_up                                                                           |     0.007 |
|             i_clock_mon                                                                  |     0.001 |
|             i_core_rst_reg                                                               |    <0.001 |
|             i_vdma_rst_reg                                                               |    <0.001 |
|             i_vdma_xfer_status                                                           |    <0.001 |
|             i_xfer_cntrl                                                                 |     0.004 |
|             i_xfer_status                                                                |    <0.001 |
|           i_up_axi                                                                       |     0.001 |
|           i_vdma                                                                         |    <0.001 |
|       axi_hdmi_dma                                                                       |     0.006 |
|         U0                                                                               |     0.006 |
|           AXI_LITE_REG_INTERFACE_I                                                       |    <0.001 |
|             GEN_AXI_LITE_IF.AXI_LITE_IF_I                                                |    <0.001 |
|           GEN_SPRT_FOR_MM2S.ADDR32.I_MM2S_DMA_MNGR                                       |     0.001 |
|             I_CMDSTS                                                                     |    <0.001 |
|             I_SM                                                                         |    <0.001 |
|             I_STS_MNGR                                                                   |    <0.001 |
|             VIDEO_GENLOCK_I                                                              |    <0.001 |
|               DYNAMIC_GENLOCK_FOR_SLAVE.GENLOCK_MUX_I                                    |     0.000 |
|             VIDEO_REG_I                                                                  |    <0.001 |
|               GEN_REGISTER_DIRECT.GEN_REGDIRECT_DRES.VIDREGISTER_I                       |    <0.001 |
|           GEN_SPRT_FOR_MM2S.MM2S_FSYNC_I                                                 |    <0.001 |
|           GEN_SPRT_FOR_MM2S.MM2S_LINEBUFFER_I                                            |    <0.001 |
|             GEN_LINEBUF_FLUSH_SOF.GEN_LINEBUFFER.GEN_SYNC_FIFO.I_LINEBUFFER_FIFO         |    <0.001 |
|               fg_inst                                                                    |    <0.001 |
|                 inst_fifo_gen                                                            |    <0.001 |
|                   gconvfifo.rf                                                           |    <0.001 |
|                     grf.rf                                                               |    <0.001 |
|                       gntv_or_sync_fifo.gl0.rd                                           |    <0.001 |
|                         gr1.gr1_int.rfwft                                                |    <0.001 |
|                         grss.rsts                                                        |    <0.001 |
|                           c1                                                             |     0.000 |
|                           c2                                                             |    <0.001 |
|                         rpntr                                                            |    <0.001 |
|                       gntv_or_sync_fifo.gl0.wr                                           |    <0.001 |
|                         gwss.wsts                                                        |    <0.001 |
|                           c0                                                             |     0.000 |
|                           c1                                                             |    <0.001 |
|                         wpntr                                                            |    <0.001 |
|                       gntv_or_sync_fifo.mem                                              |    <0.001 |
|                         gbm.gbmg.gbmgb.ngecc.bmg                                         |    <0.001 |
|                           inst_blk_mem_gen                                               |    <0.001 |
|                             gnbram.gnativebmg.native_blk_mem_gen                         |    <0.001 |
|                               valid.cstr                                                 |    <0.001 |
|                                 ramloop[0].ram.r                                         |    <0.001 |
|                                   prim_noinit.ram                                        |    <0.001 |
|             GEN_LINEBUF_FLUSH_SOF.GEN_LINEBUFFER.I_MSTR_SKID                             |    <0.001 |
|           GEN_SPRT_FOR_MM2S.MM2S_REGISTER_MODULE_I                                       |    <0.001 |
|             GEN_REG_DIRECT_MODE.REGDIRECT_I                                              |    <0.001 |
|             I_DMA_REGISTER                                                               |    <0.001 |
|             LITE_READ_MUX_I                                                              |     0.000 |
|           GEN_SPRT_FOR_MM2S.MM2S_SOF_I                                                   |    <0.001 |
|           GEN_SPRT_FOR_MM2S.MM2S_VID_CDC_I                                               |    <0.001 |
|           I_AXI_DMA_INTRPT                                                               |    <0.001 |
|           I_PRMRY_DATAMOVER                                                              |     0.002 |
|             GEN_MM2S_FULL.I_MM2S_FULL_WRAPPER                                            |     0.002 |
|               I_ADDR_CNTL                                                                |    <0.001 |
|                 GEN_ADDR_FIFO.I_ADDR_QUAL_FIFO                                           |    <0.001 |
|                   USE_SRL_FIFO.I_SYNC_FIFO                                               |    <0.001 |
|                     I_SRL_FIFO_RBU_F                                                     |    <0.001 |
|                       CNTR_INCR_DECR_ADDN_F_I                                            |    <0.001 |
|                       DYNSHREG_F_I                                                       |    <0.001 |
|               I_CMD_STATUS                                                               |    <0.001 |
|                 GEN_INCLUDE_STATUS_FIFO.I_STS_FIFO                                       |    <0.001 |
|                   USE_SRL_FIFO.I_SYNC_FIFO                                               |    <0.001 |
|                     I_SRL_FIFO_RBU_F                                                     |    <0.001 |
|                       CNTR_INCR_DECR_ADDN_F_I                                            |    <0.001 |
|                       DYNSHREG_F_I                                                       |    <0.001 |
|                 I_CMD_FIFO                                                               |    <0.001 |
|                   USE_SRL_FIFO.I_SYNC_FIFO                                               |    <0.001 |
|                     I_SRL_FIFO_RBU_F                                                     |    <0.001 |
|                       CNTR_INCR_DECR_ADDN_F_I                                            |    <0.001 |
|                       DYNSHREG_F_I                                                       |    <0.001 |
|               I_MSTR_PCC                                                                 |    <0.001 |
|               I_RD_DATA_CNTL                                                             |    <0.001 |
|                 GEN_DATA_CNTL_FIFO.I_DATA_CNTL_FIFO                                      |    <0.001 |
|                   USE_SRL_FIFO.I_SYNC_FIFO                                               |    <0.001 |
|                     I_SRL_FIFO_RBU_F                                                     |    <0.001 |
|                       CNTR_INCR_DECR_ADDN_F_I                                            |    <0.001 |
|                       DYNSHREG_F_I                                                       |    <0.001 |
|               I_RD_STATUS_CNTLR                                                          |    <0.001 |
|               I_RESET                                                                    |    <0.001 |
|           I_RST_MODULE                                                                   |    <0.001 |
|             GEN_RESET_FOR_MM2S.RESET_I                                                   |    <0.001 |
|       axi_hp0_interconnect                                                               |    <0.001 |
|         s00_couplers                                                                     |    <0.001 |
|           auto_pc                                                                        |    <0.001 |
|             inst                                                                         |    <0.001 |
|               gen_axi4_axi3.axi3_conv_inst                                               |    <0.001 |
|                 USE_READ.USE_SPLIT_R.read_addr_inst                                      |    <0.001 |
|                   USE_R_CHANNEL.cmd_queue                                                |    <0.001 |
|                     inst                                                                 |    <0.001 |
|                       fifo_gen_inst                                                      |    <0.001 |
|                         inst_fifo_gen                                                    |    <0.001 |
|                           gconvfifo.rf                                                   |    <0.001 |
|                             grf.rf                                                       |    <0.001 |
|                               gntv_or_sync_fifo.gl0.rd                                   |    <0.001 |
|                                 gr1.gr1_int.rfwft                                        |    <0.001 |
|                                 grss.rsts                                                |    <0.001 |
|                                 rpntr                                                    |    <0.001 |
|                               gntv_or_sync_fifo.gl0.wr                                   |    <0.001 |
|                                 gwss.wsts                                                |    <0.001 |
|                                 wpntr                                                    |    <0.001 |
|                               gntv_or_sync_fifo.mem                                      |    <0.001 |
|                                 gdm.dm_gen.dm                                            |    <0.001 |
|                                   RAM_reg_0_31_0_0                                       |    <0.001 |
|                               rstblk                                                     |    <0.001 |
|                                 ngwrdrst.grst.g7serrst.gwrrd_rst_sync_stage[1].rrst_inst |    <0.001 |
|                                 ngwrdrst.grst.g7serrst.gwrrd_rst_sync_stage[1].wrst_inst |    <0.001 |
|                                 ngwrdrst.grst.g7serrst.gwrrd_rst_sync_stage[2].rrst_inst |    <0.001 |
|                                 ngwrdrst.grst.g7serrst.gwrrd_rst_sync_stage[2].wrst_inst |    <0.001 |
|                 USE_READ.USE_SPLIT_R.read_data_inst                                      |    <0.001 |
|       axi_hp1_interconnect                                                               |     0.000 |
|       axi_i2s_adi                                                                        |     0.002 |
|         inst                                                                             |     0.002 |
|           ctrl                                                                           |    <0.001 |
|             clkgen                                                                       |    <0.001 |
|             rx_gen.rx                                                                    |    <0.001 |
|             rx_gen.rx_sync                                                               |    <0.001 |
|               fifo_reg_0_3_0_4                                                           |    <0.001 |
|             tx_gen.tx                                                                    |    <0.001 |
|             tx_sync                                                                      |    <0.001 |
|               fifo_reg_0_3_0_4                                                           |    <0.001 |
|           ctrlif                                                                         |    <0.001 |
|           pl330_dma_rx_gen.rx_fifo                                                       |    <0.001 |
|             fifo                                                                         |    <0.001 |
|               data_fifo_reg_0_7_0_5                                                      |    <0.001 |
|               data_fifo_reg_0_7_12_17                                                    |    <0.001 |
|               data_fifo_reg_0_7_18_23                                                    |    <0.001 |
|               data_fifo_reg_0_7_6_11                                                     |    <0.001 |
|           pl330_dma_tx_gen.tx_fifo                                                       |    <0.001 |
|             fifo                                                                         |    <0.001 |
|               data_fifo_reg_0_7_0_5                                                      |    <0.001 |
|               data_fifo_reg_0_7_12_17                                                    |    <0.001 |
|               data_fifo_reg_0_7_18_23                                                    |    <0.001 |
|               data_fifo_reg_0_7_6_11                                                     |    <0.001 |
|       axi_iic_fmc                                                                        |     0.002 |
|         U0                                                                               |     0.002 |
|           X_IIC                                                                          |     0.002 |
|             DYN_MASTER_I                                                                 |    <0.001 |
|             FILTER_I                                                                     |    <0.001 |
|               SCL_DEBOUNCE                                                               |    <0.001 |
|                 INPUT_DOUBLE_REGS                                                        |    <0.001 |
|               SDA_DEBOUNCE                                                               |    <0.001 |
|                 INPUT_DOUBLE_REGS                                                        |    <0.001 |
|             IIC_CONTROL_I                                                                |    <0.001 |
|               BITCNT                                                                     |    <0.001 |
|               CLKCNT                                                                     |    <0.001 |
|               I2CDATA_REG                                                                |    <0.001 |
|               I2CHEADER_REG                                                              |    <0.001 |
|               SETUP_CNT                                                                  |    <0.001 |
|             READ_FIFO_I                                                                  |    <0.001 |
|             REG_INTERFACE_I                                                              |    <0.001 |
|             WRITE_FIFO_CTRL_I                                                            |    <0.001 |
|             WRITE_FIFO_I                                                                 |    <0.001 |
|             X_AXI_IPIF_SSP1                                                              |    <0.001 |
|               AXI_LITE_IPIF_I                                                            |    <0.001 |
|                 I_SLAVE_ATTACHMENT                                                       |    <0.001 |
|                   I_DECODER                                                              |    <0.001 |
|               X_INTERRUPT_CONTROL                                                        |    <0.001 |
|               X_SOFT_RESET                                                               |    <0.001 |
|       axi_iic_main                                                                       |     0.002 |
|         U0                                                                               |     0.002 |
|           X_IIC                                                                          |     0.002 |
|             DYN_MASTER_I                                                                 |    <0.001 |
|             FILTER_I                                                                     |    <0.001 |
|               SCL_DEBOUNCE                                                               |    <0.001 |
|                 INPUT_DOUBLE_REGS                                                        |    <0.001 |
|               SDA_DEBOUNCE                                                               |    <0.001 |
|                 INPUT_DOUBLE_REGS                                                        |    <0.001 |
|             IIC_CONTROL_I                                                                |    <0.001 |
|               BITCNT                                                                     |    <0.001 |
|               CLKCNT                                                                     |    <0.001 |
|               I2CDATA_REG                                                                |    <0.001 |
|               I2CHEADER_REG                                                              |    <0.001 |
|               SETUP_CNT                                                                  |    <0.001 |
|             READ_FIFO_I                                                                  |    <0.001 |
|             REG_INTERFACE_I                                                              |    <0.001 |
|             WRITE_FIFO_CTRL_I                                                            |    <0.001 |
|             WRITE_FIFO_I                                                                 |    <0.001 |
|             X_AXI_IPIF_SSP1                                                              |    <0.001 |
|               AXI_LITE_IPIF_I                                                            |    <0.001 |
|                 I_SLAVE_ATTACHMENT                                                       |    <0.001 |
|                   I_DECODER                                                              |    <0.001 |
|               X_INTERRUPT_CONTROL                                                        |    <0.001 |
|               X_SOFT_RESET                                                               |    <0.001 |
|       axi_spdif_tx_core                                                                  |     0.001 |
|         inst                                                                             |     0.001 |
|           TENC                                                                           |    <0.001 |
|           ctrlif                                                                         |    <0.001 |
|           pl330_dma_gen.fifo                                                             |    <0.001 |
|             fifo                                                                         |    <0.001 |
|               data_fifo_reg_0_7_0_5                                                      |    <0.001 |
|               data_fifo_reg_0_7_12_17                                                    |    <0.001 |
|               data_fifo_reg_0_7_18_23                                                    |    <0.001 |
|               data_fifo_reg_0_7_24_29                                                    |    <0.001 |
|               data_fifo_reg_0_7_30_31                                                    |    <0.001 |
|               data_fifo_reg_0_7_6_11                                                     |    <0.001 |
|       sys_audio_clkgen                                                                   |     0.121 |
|         inst                                                                             |     0.121 |
|       sys_concat_intc                                                                    |     0.000 |
|       sys_i2c_mixer                                                                      |     0.000 |
|       sys_logic_inv                                                                      |    <0.001 |
|       sys_ps7                                                                            |     1.542 |
|         inst                                                                             |     1.542 |
|       sys_rstgen                                                                         |    <0.001 |
|         U0                                                                               |    <0.001 |
|           EXT_LPF                                                                        |    <0.001 |
|             ACTIVE_LOW_EXT.ACT_LO_EXT                                                    |    <0.001 |
|           SEQ                                                                            |    <0.001 |
|             SEQ_COUNTER                                                                  |    <0.001 |
|   iic_mux_scl_IOBUF[0]_inst                                                              |     0.000 |
|   iic_mux_scl_IOBUF[1]_inst                                                              |     0.000 |
|   iic_mux_sda_IOBUF[0]_inst                                                              |     0.000 |
|   iic_mux_sda_IOBUF[1]_inst                                                              |     0.000 |
+------------------------------------------------------------------------------------------+-----------+


