Copyright 1986-2016 Xilinx, Inc. All Rights Reserved.
----------------------------------------------------------------------------------------
| Tool Version : Vivado v.2016.3_sdx (win64) Build 1721784 Tue Nov 29 22:12:44 MST 2016
| Date         : Sat May 27 16:33:16 2017
| Host         : DESKTOP-HQKVQ13 running 64-bit major release  (build 9200)
| Command      : report_clock_utilization -file system_top_clock_utilization_routed.rpt
| Design       : system_top
| Device       : 7z020-clg484
| Speed File   : -1  PRODUCTION 1.11 2014-09-11
----------------------------------------------------------------------------------------

Clock Utilization Report

Table of Contents
-----------------
1. Clock Primitive Utilization
2. Global Clock Resources
3. Global Clock Source Details
4. Local Clock Details
5. Clock Regions: Key Resource Utilization
6. Clock Regions : Global Clock Summary
7. Cell Type Counts per Global Clock: Region X0Y0
8. Cell Type Counts per Global Clock: Region X1Y0
9. Cell Type Counts per Global Clock: Region X0Y1
10. Cell Type Counts per Global Clock: Region X1Y1
11. Cell Type Counts per Global Clock: Region X0Y2
12. Load Cell Placement Summary for Global Clock g0
13. Load Cell Placement Summary for Global Clock g1
14. Load Cell Placement Summary for Global Clock g2
15. Load Cell Placement Summary for Global Clock g3
16. Load Cell Placement Summary for Global Clock g4
17. Load Cell Placement Summary for Global Clock g5
18. Load Cell Placement Summary for Global Clock g6

1. Clock Primitive Utilization
------------------------------

+----------+------+-----------+-----+--------------+--------+
| Type     | Used | Available | LOC | Clock Region | Pblock |
+----------+------+-----------+-----+--------------+--------+
| BUFGCTRL |    7 |        32 |   0 |            0 |      0 |
| BUFH     |    0 |        72 |   0 |            0 |      0 |
| BUFIO    |    0 |        16 |   0 |            0 |      0 |
| BUFMR    |    0 |         8 |   0 |            0 |      0 |
| BUFR     |    0 |        16 |   0 |            0 |      0 |
| MMCM     |    2 |         4 |   0 |            0 |      0 |
| PLL      |    0 |         4 |   0 |            0 |      0 |
+----------+------+-----------+-----+--------------+--------+


2. Global Clock Resources
-------------------------

+-----------+-----------+-----------------+------------+----------------+--------------+------+-------------------+-------------------+-------------+-----------------+--------------+------------------------------------+----------------------------------------------------------------------------+----------------------------------------------------------------------------------------+
| Global Id | Source Id | Driver Type/Pin | Constraint | Site           | Clock Region | Root | Clock Delay Group | Load Clock Region | Clock Loads | Non-Clock Loads | Clock Period | Clock                              | Driver Pin                                                                 | Net                                                                                    |
+-----------+-----------+-----------------+------------+----------------+--------------+------+-------------------+-------------------+-------------+-----------------+--------------+------------------------------------+----------------------------------------------------------------------------+----------------------------------------------------------------------------------------+
| g0        | src0      | BUFG/O          | None       | BUFGCTRL_X0Y16 | n/a          |      |                   |                 5 |        5665 |               0 |       10.000 | clk_fpga_0                         | i_system_wrapper/system_i/sys_ps7/inst/buffer_fclk_clk_0.FCLK_CLK_0_BUFG/O | i_system_wrapper/system_i/sys_ps7/inst/FCLK_CLK0                                       |
| g1        | src1      | BUFG/O          | None       | BUFGCTRL_X0Y0  | n/a          |      |                   |                 2 |        1085 |               0 |        6.735 | mmcm_clk_0_s                       | i_system_wrapper/system_i/axi_hdmi_clkgen/inst/i_mmcm_drp/i_clk_0_bufg/O   | i_system_wrapper/system_i/axi_hdmi_clkgen/inst/i_mmcm_drp/clk_0                        |
| g2        | src2      | BUFG/O          | None       | BUFGCTRL_X0Y17 | n/a          |      |                   |                 2 |         398 |               0 |        4.000 | adc_clk                            | i_system_wrapper/system_i/axi_ad9467/inst/i_if/i_adc_clk/i_clk_gbuf/O      | i_system_wrapper/system_i/axi_ad9467/inst/i_if/i_adc_clk/clk                           |
| g3        | src3      | BUFG/O          | None       | BUFGCTRL_X0Y1  | n/a          |      |                   |                 2 |          28 |               1 |       81.380 | clk_out1_system_sys_audio_clkgen_0 | i_system_wrapper/system_i/sys_audio_clkgen/inst/clkout1_buf/O              | i_system_wrapper/system_i/sys_audio_clkgen/inst/clk_out1                               |
| g4        | src0      | BUFG/O          | None       | BUFGCTRL_X0Y18 | n/a          |      |                   |                 3 |           6 |               0 |        5.000 | clk_fpga_1                         | i_system_wrapper/system_i/sys_ps7/inst/buffer_fclk_clk_1.FCLK_CLK_1_BUFG/O | i_system_wrapper/system_i/sys_ps7/inst/FCLK_CLK1                                       |
| g5        | src1      | BUFG/O          | None       | BUFGCTRL_X0Y2  | n/a          |      |                   |                 1 |           1 |               0 |       55.000 | mmcm_fb_clk_s                      | i_system_wrapper/system_i/axi_hdmi_clkgen/inst/i_mmcm_drp/i_fb_clk_bufg/O  | i_system_wrapper/system_i/axi_hdmi_clkgen/inst/i_mmcm_drp/bufg_fb_clk_s                |
| g6        | src3      | BUFG/O          | None       | BUFGCTRL_X0Y3  | n/a          |      |                   |                 1 |           1 |               0 |       45.000 | clkfbout_system_sys_audio_clkgen_0 | i_system_wrapper/system_i/sys_audio_clkgen/inst/clkf_buf/O                 | i_system_wrapper/system_i/sys_audio_clkgen/inst/clkfbout_buf_system_sys_audio_clkgen_0 |
+-----------+-----------+-----------------+------------+----------------+--------------+------+-------------------+-------------------+-------------+-----------------+--------------+------------------------------------+----------------------------------------------------------------------------+----------------------------------------------------------------------------------------+
* Clock Loads column represents the clock pin loads (pin count)
** Non-Clock Loads column represents the non-clock pin loads (pin count)


3. Global Clock Source Details
------------------------------

+-----------+-----------+---------------------+------------+-----------------+--------------+-------------+-----------------+---------------------+------------------------------------+---------------------------------------------------------------------------+------------------------------------------------------------------------------------+
| Source Id | Global Id | Driver Type/Pin     | Constraint | Site            | Clock Region | Clock Loads | Non-Clock Loads | Source Clock Period | Source Clock                       | Driver Pin                                                                | Net                                                                                |
+-----------+-----------+---------------------+------------+-----------------+--------------+-------------+-----------------+---------------------+------------------------------------+---------------------------------------------------------------------------+------------------------------------------------------------------------------------+
| src0      | g0        | PS7/FCLKCLK[0]      | PS7_X0Y0   | PS7_X0Y0        | X0Y2         |           1 |               0 |              10.000 | clk_fpga_0                         | i_system_wrapper/system_i/sys_ps7/inst/PS7_i/FCLKCLK[0]                   | i_system_wrapper/system_i/sys_ps7/inst/FCLK_CLK_unbuffered[0]                      |
| src0      | g4        | PS7/FCLKCLK[1]      | PS7_X0Y0   | PS7_X0Y0        | X0Y2         |           1 |               0 |               5.000 | clk_fpga_1                         | i_system_wrapper/system_i/sys_ps7/inst/PS7_i/FCLKCLK[1]                   | i_system_wrapper/system_i/sys_ps7/inst/FCLK_CLK_unbuffered[1]                      |
| src1      | g1        | MMCME2_ADV/CLKOUT0  | None       | MMCME2_ADV_X0Y0 | X0Y0         |           1 |               0 |               6.735 | mmcm_clk_0_s                       | i_system_wrapper/system_i/axi_hdmi_clkgen/inst/i_mmcm_drp/i_mmcm/CLKOUT0  | i_system_wrapper/system_i/axi_hdmi_clkgen/inst/i_mmcm_drp/mmcm_clk_0_s             |
| src1      | g5        | MMCME2_ADV/CLKFBOUT | None       | MMCME2_ADV_X0Y0 | X0Y0         |           1 |               0 |              55.000 | mmcm_fb_clk_s                      | i_system_wrapper/system_i/axi_hdmi_clkgen/inst/i_mmcm_drp/i_mmcm/CLKFBOUT | i_system_wrapper/system_i/axi_hdmi_clkgen/inst/i_mmcm_drp/mmcm_fb_clk_s            |
| src2      | g2        | IBUFDS/O            | IOB_X1Y76  | IOB_X1Y76       | X1Y1         |           1 |               0 |               4.000 | adc_clk                            | i_system_wrapper/system_i/axi_ad9467/inst/i_if/i_adc_clk/i_rx_clk_ibuf/O  | i_system_wrapper/system_i/axi_ad9467/inst/i_if/i_adc_clk/clk_ibuf_s                |
| src3      | g3        | MMCME2_ADV/CLKOUT0  | None       | MMCME2_ADV_X1Y0 | X1Y0         |           1 |               0 |              81.380 | clk_out1_system_sys_audio_clkgen_0 | i_system_wrapper/system_i/sys_audio_clkgen/inst/mmcm_adv_inst/CLKOUT0     | i_system_wrapper/system_i/sys_audio_clkgen/inst/clk_out1_system_sys_audio_clkgen_0 |
| src3      | g6        | MMCME2_ADV/CLKFBOUT | None       | MMCME2_ADV_X1Y0 | X1Y0         |           1 |               0 |              45.000 | clkfbout_system_sys_audio_clkgen_0 | i_system_wrapper/system_i/sys_audio_clkgen/inst/mmcm_adv_inst/CLKFBOUT    | i_system_wrapper/system_i/sys_audio_clkgen/inst/clkfbout_system_sys_audio_clkgen_0 |
+-----------+-----------+---------------------+------------+-----------------+--------------+-------------+-----------------+---------------------+------------------------------------+---------------------------------------------------------------------------+------------------------------------------------------------------------------------+
* Clock Loads column represents the clock pin loads (pin count)
** Non-Clock Loads column represents the non-clock pin loads (pin count)


4. Local Clock Details
----------------------

+----------+-------------------+------------+--------------+--------------+-------------+-----------------+--------------+-------+------------------------------------------------------------+----------------------------------------------------+
| Local Id | Driver Type/Pin   | Constraint | Site/BEL     | Clock Region | Clock Loads | Non-Clock Loads | Clock Period | Clock | Driver Pin                                                 | Net                                                |
+----------+-------------------+------------+--------------+--------------+-------------+-----------------+--------------+-------+------------------------------------------------------------+----------------------------------------------------+
| 0        | PS7/EMIOSPI0SCLKO | PS7_X0Y0   | PS7_X0Y0/PS7 | X0Y2         |           8 |               1 |              |       | i_system_wrapper/system_i/sys_ps7/inst/PS7_i/EMIOSPI0SCLKO | i_system_wrapper/system_i/sys_ps7/inst/SPI0_SCLK_O |
+----------+-------------------+------------+--------------+--------------+-------------+-----------------+--------------+-------+------------------------------------------------------------+----------------------------------------------------+
* Local Clocks in this context represents only clocks driven by non-global buffers
** Clock Loads column represents the clock pin loads (pin count)
*** Non-Clock Loads column represents the non-clock pin loads (pin count)


5. Clock Regions: Key Resource Utilization
------------------------------------------

+-------------------+--------------+--------------+--------------+--------------+--------------+--------------+--------------+--------------+--------------+--------------+--------------+--------------+--------------+--------------+--------------+
|                   | Global Clock |     BUFRs    |    BUFMRs    |    BUFIOs    |     MMCM     |      PLL     |      GT      |      PCI     |    ILOGIC    |    OLOGIC    |      FF      |     LUTM     |    RAMB18    |    RAMB36    |    DSP48E2   |
+-------------------+------+-------+------+-------+------+-------+------+-------+------+-------+------+-------+------+-------+------+-------+------+-------+------+-------+------+-------+------+-------+------+-------+------+-------+------+-------+
| Clock Region Name | Used | Avail | Used | Avail | Used | Avail | Used | Avail | Used | Avail | Used | Avail | Used | Avail | Used | Avail | Used | Avail | Used | Avail | Used | Avail | Used | Avail | Used | Avail | Used | Avail | Used | Avail |
+-------------------+------+-------+------+-------+------+-------+------+-------+------+-------+------+-------+------+-------+------+-------+------+-------+------+-------+------+-------+------+-------+------+-------+------+-------+------+-------+
| X0Y0              |    5 |    12 |    0 |     4 |    0 |     2 |    0 |     4 |    1 |     1 |    0 |     1 |    0 |     0 |    0 |     0 |    0 |    50 |    0 |    50 | 4017 |  2500 | 1849 |  1000 |    0 |    60 |    2 |    30 |    9 |    60 |
| X1Y0              |    4 |    12 |    0 |     4 |    0 |     2 |    0 |     4 |    1 |     1 |    0 |     1 |    0 |     0 |    0 |     0 |    0 |    50 |   20 |    50 |   89 |  3200 |   30 |   850 |    0 |    60 |    0 |    30 |    0 |    40 |
| X0Y1              |    3 |    12 |    0 |     0 |    0 |     0 |    0 |     0 |    0 |     0 |    0 |     0 |    0 |     0 |    0 |     0 |    0 |     0 |    0 |     0 | 2198 |  1200 |  770 |   400 |    0 |    20 |    1 |    10 |    0 |    20 |
| X1Y1              |    3 |    12 |    0 |     4 |    0 |     2 |    0 |     4 |    0 |     1 |    0 |     1 |    0 |     0 |    0 |     0 |    9 |    50 |    0 |    50 |  484 |  2600 |  166 |   850 |    0 |    60 |    0 |    30 |    0 |    40 |
| X0Y2              |    1 |    12 |    0 |     0 |    0 |     0 |    0 |     0 |    0 |     0 |    0 |     0 |    0 |     0 |    0 |     0 |    0 |     0 |    0 |     0 |   92 |  1200 |   41 |   400 |    0 |    20 |    0 |    10 |    0 |    20 |
| X1Y2              |    0 |    12 |    0 |     4 |    0 |     2 |    0 |     4 |    0 |     1 |    0 |     1 |    0 |     0 |    0 |     0 |    0 |    50 |    0 |    50 |    8 |  2600 |    6 |   850 |    0 |    60 |    0 |    30 |    0 |    40 |
+-------------------+------+-------+------+-------+------+-------+------+-------+------+-------+------+-------+------+-------+------+-------+------+-------+------+-------+------+-------+------+-------+------+-------+------+-------+------+-------+
* Global Clock column represents track count; while other columns represents cell counts


6. Clock Regions : Global Clock Summary
---------------------------------------

+----+----+----+
|    | X0 | X1 |
+----+----+----+
| Y2 |  1 |  0 |
| Y1 |  3 |  3 |
| Y0 |  5 |  4 |
+----+----+----+


7. Cell Type Counts per Global Clock: Region X0Y0
-------------------------------------------------

+-----------+-------+-----------------+------------+-------------+-----------------+------+--------+------+-----+----+------+-----+---------+-------------------------------------------------------------------------+
| Global Id | Track | Driver Type/Pin | Constraint | Clock Loads | Non-Clock Loads | FF   | LUTRAM | RAMB | DSP | GT | MMCM | PLL | Hard IP | Net                                                                     |
+-----------+-------+-----------------+------------+-------------+-----------------+------+--------+------+-----+----+------+-----+---------+-------------------------------------------------------------------------+
| g0        | n/a   | BUFG/O          | None       |        3075 |               0 | 2943 |    129 |    2 |   0 |  0 |    1 |   0 |       0 | i_system_wrapper/system_i/sys_ps7/inst/FCLK_CLK0                        |
| g1        | n/a   | BUFG/O          | None       |        1065 |               0 | 1048 |      7 |    1 |   9 |  0 |    0 |   0 |       0 | i_system_wrapper/system_i/axi_hdmi_clkgen/inst/i_mmcm_drp/clk_0         |
| g3        | n/a   | BUFG/O          | None       |          26 |               1 |   26 |      0 |    0 |   0 |  0 |    0 |   0 |       0 | i_system_wrapper/system_i/sys_audio_clkgen/inst/clk_out1                |
| g4        | n/a   | BUFG/O          | None       |           1 |               0 |    0 |      0 |    0 |   0 |  0 |    1 |   0 |       0 | i_system_wrapper/system_i/sys_ps7/inst/FCLK_CLK1                        |
| g5        | n/a   | BUFG/O          | None       |           1 |               0 |    0 |      0 |    0 |   0 |  0 |    1 |   0 |       0 | i_system_wrapper/system_i/axi_hdmi_clkgen/inst/i_mmcm_drp/bufg_fb_clk_s |
+-----------+-------+-----------------+------------+-------------+-----------------+------+--------+------+-----+----+------+-----+---------+-------------------------------------------------------------------------+
* Clock Loads column represents the clock pin loads (pin count)
** Non-Clock Loads column represents the non-clock pin loads (pin count)
*** Columns FF, LUTRAM, RAMB through 'Hard IP' represents load cell counts


8. Cell Type Counts per Global Clock: Region X1Y0
-------------------------------------------------

+-----------+-------+-----------------+------------+-------------+-----------------+----+--------+------+-----+----+------+-----+---------+----------------------------------------------------------------------------------------+
| Global Id | Track | Driver Type/Pin | Constraint | Clock Loads | Non-Clock Loads | FF | LUTRAM | RAMB | DSP | GT | MMCM | PLL | Hard IP | Net                                                                                    |
+-----------+-------+-----------------+------------+-------------+-----------------+----+--------+------+-----+----+------+-----+---------+----------------------------------------------------------------------------------------+
| g0        | n/a   | BUFG/O          | None       |          72 |               0 | 70 |      2 |    0 |   0 |  0 |    0 |   0 |       0 | i_system_wrapper/system_i/sys_ps7/inst/FCLK_CLK0                                       |
| g1        | n/a   | BUFG/O          | None       |          20 |               0 | 19 |      0 |    0 |   0 |  0 |    0 |   0 |       0 | i_system_wrapper/system_i/axi_hdmi_clkgen/inst/i_mmcm_drp/clk_0                        |
| g4        | n/a   | BUFG/O          | None       |           1 |               0 |  0 |      0 |    0 |   0 |  0 |    1 |   0 |       0 | i_system_wrapper/system_i/sys_ps7/inst/FCLK_CLK1                                       |
| g6        | n/a   | BUFG/O          | None       |           1 |               0 |  0 |      0 |    0 |   0 |  0 |    1 |   0 |       0 | i_system_wrapper/system_i/sys_audio_clkgen/inst/clkfbout_buf_system_sys_audio_clkgen_0 |
+-----------+-------+-----------------+------------+-------------+-----------------+----+--------+------+-----+----+------+-----+---------+----------------------------------------------------------------------------------------+
* Clock Loads column represents the clock pin loads (pin count)
** Non-Clock Loads column represents the non-clock pin loads (pin count)
*** Columns FF, LUTRAM, RAMB through 'Hard IP' represents load cell counts


9. Cell Type Counts per Global Clock: Region X0Y1
-------------------------------------------------

+-----------+-------+-----------------+------------+-------------+-----------------+------+--------+------+-----+----+------+-----+---------+--------------------------------------------------------------+
| Global Id | Track | Driver Type/Pin | Constraint | Clock Loads | Non-Clock Loads | FF   | LUTRAM | RAMB | DSP | GT | MMCM | PLL | Hard IP | Net                                                          |
+-----------+-------+-----------------+------------+-------------+-----------------+------+--------+------+-----+----+------+-----+---------+--------------------------------------------------------------+
| g0        | n/a   | BUFG/O          | None       |        2057 |               0 | 1990 |     66 |    1 |   0 |  0 |    0 |   0 |       0 | i_system_wrapper/system_i/sys_ps7/inst/FCLK_CLK0             |
| g2        | n/a   | BUFG/O          | None       |         208 |               0 |  207 |      0 |    1 |   0 |  0 |    0 |   0 |       0 | i_system_wrapper/system_i/axi_ad9467/inst/i_if/i_adc_clk/clk |
| g3        | n/a   | BUFG/O          | None       |           1 |               0 |    1 |      0 |    0 |   0 |  0 |    0 |   0 |       0 | i_system_wrapper/system_i/sys_audio_clkgen/inst/clk_out1     |
+-----------+-------+-----------------+------------+-------------+-----------------+------+--------+------+-----+----+------+-----+---------+--------------------------------------------------------------+
* Clock Loads column represents the clock pin loads (pin count)
** Non-Clock Loads column represents the non-clock pin loads (pin count)
*** Columns FF, LUTRAM, RAMB through 'Hard IP' represents load cell counts


10. Cell Type Counts per Global Clock: Region X1Y1
--------------------------------------------------

+-----------+-------+-----------------+------------+-------------+-----------------+-----+--------+------+-----+----+------+-----+---------+--------------------------------------------------------------+
| Global Id | Track | Driver Type/Pin | Constraint | Clock Loads | Non-Clock Loads | FF  | LUTRAM | RAMB | DSP | GT | MMCM | PLL | Hard IP | Net                                                          |
+-----------+-------+-----------------+------------+-------------+-----------------+-----+--------+------+-----+----+------+-----+---------+--------------------------------------------------------------+
| g0        | n/a   | BUFG/O          | None       |         324 |               0 | 315 |      0 |    0 |   0 |  0 |    0 |   0 |       0 | i_system_wrapper/system_i/sys_ps7/inst/FCLK_CLK0             |
| g2        | n/a   | BUFG/O          | None       |         190 |               0 | 166 |     15 |    0 |   0 |  0 |    0 |   0 |       0 | i_system_wrapper/system_i/axi_ad9467/inst/i_if/i_adc_clk/clk |
| g4        | n/a   | BUFG/O          | None       |           4 |               0 |   3 |      0 |    0 |   0 |  0 |    0 |   0 |       0 | i_system_wrapper/system_i/sys_ps7/inst/FCLK_CLK1             |
+-----------+-------+-----------------+------------+-------------+-----------------+-----+--------+------+-----+----+------+-----+---------+--------------------------------------------------------------+
* Clock Loads column represents the clock pin loads (pin count)
** Non-Clock Loads column represents the non-clock pin loads (pin count)
*** Columns FF, LUTRAM, RAMB through 'Hard IP' represents load cell counts


11. Cell Type Counts per Global Clock: Region X0Y2
--------------------------------------------------

+-----------+-------+-----------------+------------+-------------+-----------------+----+--------+------+-----+----+------+-----+---------+--------------------------------------------------+
| Global Id | Track | Driver Type/Pin | Constraint | Clock Loads | Non-Clock Loads | FF | LUTRAM | RAMB | DSP | GT | MMCM | PLL | Hard IP | Net                                              |
+-----------+-------+-----------------+------------+-------------+-----------------+----+--------+------+-----+----+------+-----+---------+--------------------------------------------------+
| g0        | n/a   | BUFG/O          | None       |         115 |               0 | 92 |     22 |    0 |   0 |  0 |    0 |   0 |       0 | i_system_wrapper/system_i/sys_ps7/inst/FCLK_CLK0 |
+-----------+-------+-----------------+------------+-------------+-----------------+----+--------+------+-----+----+------+-----+---------+--------------------------------------------------+
* Clock Loads column represents the clock pin loads (pin count)
** Non-Clock Loads column represents the non-clock pin loads (pin count)
*** Columns FF, LUTRAM, RAMB through 'Hard IP' represents load cell counts


12. Load Cell Placement Summary for Global Clock g0
---------------------------------------------------

+-----------+-----------------+-------------------+------------+-------------+---------------+----------+-------------+----------+----------------+----------+--------------------------------------------------+
| Global Id | Driver Type/Pin | Driver Region (D) | Clock      | Period (ns) | Waveform (ns) | Root (R) | Slice Loads | IO Loads | Clocking Loads | GT Loads | Net                                              |
+-----------+-----------------+-------------------+------------+-------------+---------------+----------+-------------+----------+----------------+----------+--------------------------------------------------+
| g0        | BUFG/O          | n/a               | clk_fpga_0 |      10.000 | {0.000 5.000} |          |        5642 |        0 |              1 |        0 | i_system_wrapper/system_i/sys_ps7/inst/FCLK_CLK0 |
+-----------+-----------------+-------------------+------------+-------------+---------------+----------+-------------+----------+----------------+----------+--------------------------------------------------+
* Slice Loads column represents load cell count of all cell types other than IO, GT and clock resources
** IO Loads column represents load cell count of IO types
*** Clocking Loads column represents load cell count that are clock resources (global clock buffer, MMCM, PLL, etc)
**** GT Loads column represents load cell count of GT types


+----+-------+------+
|    | X0    | X1   |
+----+-------+------+
| Y2 |   115 |    0 |
| Y1 |  2057 |  324 |
| Y0 |  3075 |   72 |
+----+-------+------+


13. Load Cell Placement Summary for Global Clock g1
---------------------------------------------------

+-----------+-----------------+-------------------+--------------+-------------+---------------+----------+-------------+----------+----------------+----------+-----------------------------------------------------------------+
| Global Id | Driver Type/Pin | Driver Region (D) | Clock        | Period (ns) | Waveform (ns) | Root (R) | Slice Loads | IO Loads | Clocking Loads | GT Loads | Net                                                             |
+-----------+-----------------+-------------------+--------------+-------------+---------------+----------+-------------+----------+----------------+----------+-----------------------------------------------------------------+
| g1        | BUFG/O          | n/a               | mmcm_clk_0_s |       6.735 | {0.000 3.367} |          |        1085 |        0 |              0 |        0 | i_system_wrapper/system_i/axi_hdmi_clkgen/inst/i_mmcm_drp/clk_0 |
+-----------+-----------------+-------------------+--------------+-------------+---------------+----------+-------------+----------+----------------+----------+-----------------------------------------------------------------+
* Slice Loads column represents load cell count of all cell types other than IO, GT and clock resources
** IO Loads column represents load cell count of IO types
*** Clocking Loads column represents load cell count that are clock resources (global clock buffer, MMCM, PLL, etc)
**** GT Loads column represents load cell count of GT types


+----+-------+-----+
|    | X0    | X1  |
+----+-------+-----+
| Y2 |     0 |   0 |
| Y1 |     0 |   0 |
| Y0 |  1065 |  20 |
+----+-------+-----+


14. Load Cell Placement Summary for Global Clock g2
---------------------------------------------------

+-----------+-----------------+-------------------+---------+-------------+---------------+----------+-------------+----------+----------------+----------+--------------------------------------------------------------+
| Global Id | Driver Type/Pin | Driver Region (D) | Clock   | Period (ns) | Waveform (ns) | Root (R) | Slice Loads | IO Loads | Clocking Loads | GT Loads | Net                                                          |
+-----------+-----------------+-------------------+---------+-------------+---------------+----------+-------------+----------+----------------+----------+--------------------------------------------------------------+
| g2        | BUFG/O          | n/a               | adc_clk |       4.000 | {0.000 2.000} |          |         398 |        0 |              0 |        0 | i_system_wrapper/system_i/axi_ad9467/inst/i_if/i_adc_clk/clk |
+-----------+-----------------+-------------------+---------+-------------+---------------+----------+-------------+----------+----------------+----------+--------------------------------------------------------------+
* Slice Loads column represents load cell count of all cell types other than IO, GT and clock resources
** IO Loads column represents load cell count of IO types
*** Clocking Loads column represents load cell count that are clock resources (global clock buffer, MMCM, PLL, etc)
**** GT Loads column represents load cell count of GT types


+----+------+------+
|    | X0   | X1   |
+----+------+------+
| Y2 |    0 |    0 |
| Y1 |  208 |  190 |
| Y0 |    0 |    0 |
+----+------+------+


15. Load Cell Placement Summary for Global Clock g3
---------------------------------------------------

+-----------+-----------------+-------------------+------------------------------------+-------------+----------------+----------+-------------+----------+----------------+----------+----------------------------------------------------------+
| Global Id | Driver Type/Pin | Driver Region (D) | Clock                              | Period (ns) | Waveform (ns)  | Root (R) | Slice Loads | IO Loads | Clocking Loads | GT Loads | Net                                                      |
+-----------+-----------------+-------------------+------------------------------------+-------------+----------------+----------+-------------+----------+----------------+----------+----------------------------------------------------------+
| g3        | BUFG/O          | n/a               | clk_out1_system_sys_audio_clkgen_0 |      81.380 | {0.000 40.690} |          |          27 |        1 |              0 |        0 | i_system_wrapper/system_i/sys_audio_clkgen/inst/clk_out1 |
+-----------+-----------------+-------------------+------------------------------------+-------------+----------------+----------+-------------+----------+----------------+----------+----------------------------------------------------------+
* Slice Loads column represents load cell count of all cell types other than IO, GT and clock resources
** IO Loads column represents load cell count of IO types
*** Clocking Loads column represents load cell count that are clock resources (global clock buffer, MMCM, PLL, etc)
**** GT Loads column represents load cell count of GT types


+----+-----+----+
|    | X0  | X1 |
+----+-----+----+
| Y2 |   0 |  0 |
| Y1 |   1 |  0 |
| Y0 |  27 |  0 |
+----+-----+----+


16. Load Cell Placement Summary for Global Clock g4
---------------------------------------------------

+-----------+-----------------+-------------------+------------+-------------+---------------+----------+-------------+----------+----------------+----------+--------------------------------------------------+
| Global Id | Driver Type/Pin | Driver Region (D) | Clock      | Period (ns) | Waveform (ns) | Root (R) | Slice Loads | IO Loads | Clocking Loads | GT Loads | Net                                              |
+-----------+-----------------+-------------------+------------+-------------+---------------+----------+-------------+----------+----------------+----------+--------------------------------------------------+
| g4        | BUFG/O          | n/a               | clk_fpga_1 |       5.000 | {0.000 2.500} |          |           4 |        0 |              2 |        0 | i_system_wrapper/system_i/sys_ps7/inst/FCLK_CLK1 |
+-----------+-----------------+-------------------+------------+-------------+---------------+----------+-------------+----------+----------------+----------+--------------------------------------------------+
* Slice Loads column represents load cell count of all cell types other than IO, GT and clock resources
** IO Loads column represents load cell count of IO types
*** Clocking Loads column represents load cell count that are clock resources (global clock buffer, MMCM, PLL, etc)
**** GT Loads column represents load cell count of GT types


+----+----+----+
|    | X0 | X1 |
+----+----+----+
| Y2 |  0 |  0 |
| Y1 |  0 |  4 |
| Y0 |  1 |  1 |
+----+----+----+


17. Load Cell Placement Summary for Global Clock g5
---------------------------------------------------

+-----------+-----------------+-------------------+---------------+-------------+----------------+----------+-------------+----------+----------------+----------+-------------------------------------------------------------------------+
| Global Id | Driver Type/Pin | Driver Region (D) | Clock         | Period (ns) | Waveform (ns)  | Root (R) | Slice Loads | IO Loads | Clocking Loads | GT Loads | Net                                                                     |
+-----------+-----------------+-------------------+---------------+-------------+----------------+----------+-------------+----------+----------------+----------+-------------------------------------------------------------------------+
| g5        | BUFG/O          | n/a               | mmcm_fb_clk_s |      55.000 | {0.000 27.500} |          |           0 |        0 |              1 |        0 | i_system_wrapper/system_i/axi_hdmi_clkgen/inst/i_mmcm_drp/bufg_fb_clk_s |
+-----------+-----------------+-------------------+---------------+-------------+----------------+----------+-------------+----------+----------------+----------+-------------------------------------------------------------------------+
* Slice Loads column represents load cell count of all cell types other than IO, GT and clock resources
** IO Loads column represents load cell count of IO types
*** Clocking Loads column represents load cell count that are clock resources (global clock buffer, MMCM, PLL, etc)
**** GT Loads column represents load cell count of GT types


+----+----+----+
|    | X0 | X1 |
+----+----+----+
| Y2 |  0 |  0 |
| Y1 |  0 |  0 |
| Y0 |  1 |  0 |
+----+----+----+


18. Load Cell Placement Summary for Global Clock g6
---------------------------------------------------

+-----------+-----------------+-------------------+------------------------------------+-------------+----------------+----------+-------------+----------+----------------+----------+----------------------------------------------------------------------------------------+
| Global Id | Driver Type/Pin | Driver Region (D) | Clock                              | Period (ns) | Waveform (ns)  | Root (R) | Slice Loads | IO Loads | Clocking Loads | GT Loads | Net                                                                                    |
+-----------+-----------------+-------------------+------------------------------------+-------------+----------------+----------+-------------+----------+----------------+----------+----------------------------------------------------------------------------------------+
| g6        | BUFG/O          | n/a               | clkfbout_system_sys_audio_clkgen_0 |      45.000 | {0.000 22.500} |          |           0 |        0 |              1 |        0 | i_system_wrapper/system_i/sys_audio_clkgen/inst/clkfbout_buf_system_sys_audio_clkgen_0 |
+-----------+-----------------+-------------------+------------------------------------+-------------+----------------+----------+-------------+----------+----------------+----------+----------------------------------------------------------------------------------------+
* Slice Loads column represents load cell count of all cell types other than IO, GT and clock resources
** IO Loads column represents load cell count of IO types
*** Clocking Loads column represents load cell count that are clock resources (global clock buffer, MMCM, PLL, etc)
**** GT Loads column represents load cell count of GT types


+----+----+----+
|    | X0 | X1 |
+----+----+----+
| Y2 |  0 |  0 |
| Y1 |  0 |  0 |
| Y0 |  0 |  1 |
+----+----+----+



# Location of BUFG Primitives 
set_property LOC BUFGCTRL_X0Y18 [get_cells i_system_wrapper/system_i/sys_ps7/inst/buffer_fclk_clk_1.FCLK_CLK_1_BUFG]
set_property LOC BUFGCTRL_X0Y16 [get_cells i_system_wrapper/system_i/sys_ps7/inst/buffer_fclk_clk_0.FCLK_CLK_0_BUFG]
set_property LOC BUFGCTRL_X0Y3 [get_cells i_system_wrapper/system_i/sys_audio_clkgen/inst/clkf_buf]
set_property LOC BUFGCTRL_X0Y1 [get_cells i_system_wrapper/system_i/sys_audio_clkgen/inst/clkout1_buf]
set_property LOC BUFGCTRL_X0Y0 [get_cells i_system_wrapper/system_i/axi_hdmi_clkgen/inst/i_mmcm_drp/i_clk_0_bufg]
set_property LOC BUFGCTRL_X0Y2 [get_cells i_system_wrapper/system_i/axi_hdmi_clkgen/inst/i_mmcm_drp/i_fb_clk_bufg]
set_property LOC BUFGCTRL_X0Y17 [get_cells i_system_wrapper/system_i/axi_ad9467/inst/i_if/i_adc_clk/i_clk_gbuf]

# Location of IO Primitives which is load of clock spine
set_property LOC IOB_X0Y20 [get_cells i2s_mclk_OBUF_inst]

# Location of clock ports
set_property LOC IOB_X1Y75 [get_ports adc_clk_in_n]
set_property LOC IOB_X1Y76 [get_ports adc_clk_in_p]

# Clock net "i_system_wrapper/system_i/sys_ps7/inst/FCLK_CLK1" driven by instance "i_system_wrapper/system_i/sys_ps7/inst/buffer_fclk_clk_1.FCLK_CLK_1_BUFG" located at site "BUFGCTRL_X0Y18"
#startgroup
create_pblock {CLKAG_i_system_wrapper/system_i/sys_ps7/inst/FCLK_CLK1}
add_cells_to_pblock [get_pblocks  {CLKAG_i_system_wrapper/system_i/sys_ps7/inst/FCLK_CLK1}] [get_cells -filter { PRIMITIVE_GROUP != I/O && IS_PRIMITIVE==1 && PRIMITIVE_LEVEL !=INTERNAL && NAME!=i_system_wrapper/system_i/sys_audio_clkgen/inst/mmcm_adv_inst && NAME!=i_system_wrapper/system_i/axi_hdmi_clkgen/inst/i_mmcm_drp/i_mmcm} -of_object [get_pins -filter {DIRECTION==IN} -of_objects [get_nets -hierarchical -filter {PARENT=="i_system_wrapper/system_i/sys_ps7/inst/FCLK_CLK1"}]]]
resize_pblock [get_pblocks {CLKAG_i_system_wrapper/system_i/sys_ps7/inst/FCLK_CLK1}] -add {CLOCKREGION_X1Y1:CLOCKREGION_X1Y1}
#endgroup

# Clock net "i_system_wrapper/system_i/sys_ps7/inst/FCLK_CLK0" driven by instance "i_system_wrapper/system_i/sys_ps7/inst/buffer_fclk_clk_0.FCLK_CLK_0_BUFG" located at site "BUFGCTRL_X0Y16"
#startgroup
create_pblock {CLKAG_i_system_wrapper/system_i/sys_ps7/inst/FCLK_CLK0}
add_cells_to_pblock [get_pblocks  {CLKAG_i_system_wrapper/system_i/sys_ps7/inst/FCLK_CLK0}] [get_cells -filter { PRIMITIVE_GROUP != I/O && IS_PRIMITIVE==1 && PRIMITIVE_LEVEL !=INTERNAL && NAME!=i_system_wrapper/system_i/axi_hdmi_clkgen/inst/i_mmcm_drp/i_mmcm} -of_object [get_pins -filter {DIRECTION==IN} -of_objects [get_nets -hierarchical -filter {PARENT=="i_system_wrapper/system_i/sys_ps7/inst/FCLK_CLK0"}]]]
resize_pblock [get_pblocks {CLKAG_i_system_wrapper/system_i/sys_ps7/inst/FCLK_CLK0}] -add {CLOCKREGION_X0Y0:CLOCKREGION_X0Y0 CLOCKREGION_X0Y1:CLOCKREGION_X0Y1 CLOCKREGION_X0Y2:CLOCKREGION_X0Y2 CLOCKREGION_X1Y0:CLOCKREGION_X1Y0 CLOCKREGION_X1Y1:CLOCKREGION_X1Y1}
#endgroup

# Clock net "i_system_wrapper/system_i/sys_audio_clkgen/inst/clk_out1" driven by instance "i_system_wrapper/system_i/sys_audio_clkgen/inst/clkout1_buf" located at site "BUFGCTRL_X0Y1"
#startgroup
create_pblock {CLKAG_i_system_wrapper/system_i/sys_audio_clkgen/inst/clk_out1}
add_cells_to_pblock [get_pblocks  {CLKAG_i_system_wrapper/system_i/sys_audio_clkgen/inst/clk_out1}] [get_cells -filter { PRIMITIVE_GROUP != I/O && IS_PRIMITIVE==1 && PRIMITIVE_LEVEL !=INTERNAL && NAME!=i2s_mclk_OBUF_inst} -of_object [get_pins -filter {DIRECTION==IN} -of_objects [get_nets -hierarchical -filter {PARENT=="i_system_wrapper/system_i/sys_audio_clkgen/inst/clk_out1"}]]]
resize_pblock [get_pblocks {CLKAG_i_system_wrapper/system_i/sys_audio_clkgen/inst/clk_out1}] -add {CLOCKREGION_X0Y0:CLOCKREGION_X0Y0 CLOCKREGION_X0Y1:CLOCKREGION_X0Y1}
#endgroup

# Clock net "i_system_wrapper/system_i/axi_hdmi_clkgen/inst/i_mmcm_drp/clk_0" driven by instance "i_system_wrapper/system_i/axi_hdmi_clkgen/inst/i_mmcm_drp/i_clk_0_bufg" located at site "BUFGCTRL_X0Y0"
#startgroup
create_pblock {CLKAG_i_system_wrapper/system_i/axi_hdmi_clkgen/inst/i_mmcm_drp/clk_0}
add_cells_to_pblock [get_pblocks  {CLKAG_i_system_wrapper/system_i/axi_hdmi_clkgen/inst/i_mmcm_drp/clk_0}] [get_cells -filter { PRIMITIVE_GROUP != I/O && IS_PRIMITIVE==1 && PRIMITIVE_LEVEL !=INTERNAL } -of_object [get_pins -filter {DIRECTION==IN} -of_objects [get_nets -hierarchical -filter {PARENT=="i_system_wrapper/system_i/axi_hdmi_clkgen/inst/i_mmcm_drp/clk_0"}]]]
resize_pblock [get_pblocks {CLKAG_i_system_wrapper/system_i/axi_hdmi_clkgen/inst/i_mmcm_drp/clk_0}] -add {CLOCKREGION_X0Y0:CLOCKREGION_X0Y0 CLOCKREGION_X1Y0:CLOCKREGION_X1Y0}
#endgroup

# Clock net "i_system_wrapper/system_i/axi_ad9467/inst/i_if/i_adc_clk/clk" driven by instance "i_system_wrapper/system_i/axi_ad9467/inst/i_if/i_adc_clk/i_clk_gbuf" located at site "BUFGCTRL_X0Y17"
#startgroup
create_pblock {CLKAG_i_system_wrapper/system_i/axi_ad9467/inst/i_if/i_adc_clk/clk}
add_cells_to_pblock [get_pblocks  {CLKAG_i_system_wrapper/system_i/axi_ad9467/inst/i_if/i_adc_clk/clk}] [get_cells -filter { PRIMITIVE_GROUP != I/O && IS_PRIMITIVE==1 && PRIMITIVE_LEVEL !=INTERNAL } -of_object [get_pins -filter {DIRECTION==IN} -of_objects [get_nets -hierarchical -filter {PARENT=="i_system_wrapper/system_i/axi_ad9467/inst/i_if/i_adc_clk/clk"}]]]
resize_pblock [get_pblocks {CLKAG_i_system_wrapper/system_i/axi_ad9467/inst/i_if/i_adc_clk/clk}] -add {CLOCKREGION_X0Y1:CLOCKREGION_X0Y1 CLOCKREGION_X1Y1:CLOCKREGION_X1Y1}
#endgroup
